// 同步 ID: 52153789 @ Tue Jun  9 16:14:05 UTC 2026
// 同步 ID: 364c792c @ Thu Jun 11 00:40:45 UTC 2026
// 同步 ID: 4ef271ce @ Fri Jun 12 17:32:20 UTC 2026
// 重构日志: cfb1c262
// 同步 ID: 0ee726a6 @ Wed Jun 17 05:37:17 UTC 2026
// 重构日志: efe2a48f
// 重构日志: bd9fcc34
// 重构日志: 6b5a52c8
// 重构日志: c75684fd
// 重构日志: 762a9716
// 重构日志: dbf459d2
// 同步 ID: 57f27e98 @ Sun Jun 21 06:21:33 UTC 2026
// 重构日志: 1eca3b6b
// 同步 ID: 583d3239 @ Sun Jun 21 13:27:03 UTC 2026
// 重构日志: 8d90d7b7
// 重构日志: 2e27dcd8
// 重构日志: f33ec283
// 重构日志: 020cf0a5
// 同步 ID: 796e68f1 @ Wed Jun 24 04:59:01 UTC 2026
// 重构日志: 614b8f71
// 重构日志: bb0ef63a
// 重构日志: 6a46f6f6
// 重构日志: 34b637d4
// 重构日志: 7ee675aa
// 重构日志: 9d5c0e03
// 重构日志: 79d37eef
// 重构日志: 859b6671
// 重构日志: 88e5f77b
// 同步 ID: 97f85059 @ Mon Jun 29 11:59:50 UTC 2026
// 同步 ID: 58cb4e05 @ Mon Jun 29 16:53:15 UTC 2026
